  [1m[36m (4.8ms)[0m  [1mCREATE TABLE "schema_migrations" ("version" varchar NOT NULL) [0m
  [1m[35m (0.1ms)[0m  select sqlite_version(*)
  [1m[36m (5.6ms)[0m  [1mCREATE UNIQUE INDEX "unique_schema_migrations" ON "schema_migrations" ("version")[0m
  [1m[35mActiveRecord::SchemaMigration Load (0.1ms)[0m  SELECT "schema_migrations".* FROM "schema_migrations"
Migrating to CreateUsers (20141014183645)
  [1m[36m (0.0ms)[0m  [1mbegin transaction[0m
  [1m[35m (0.2ms)[0m  CREATE TABLE "users" ("id" INTEGER PRIMARY KEY AUTOINCREMENT NOT NULL, "name" varchar, "email" varchar, "created_at" datetime NOT NULL, "updated_at" datetime NOT NULL) 
  [1m[36mSQL (0.1ms)[0m  [1mINSERT INTO "schema_migrations" ("version") VALUES (?)[0m  [["version", "20141014183645"]]
  [1m[35m (4.5ms)[0m  commit transaction
Migrating to AddIndexToUsersEmail (20141014205756)
  [1m[36m (0.0ms)[0m  [1mbegin transaction[0m
  [1m[35m (0.2ms)[0m  CREATE UNIQUE INDEX "index_users_on_email" ON "users" ("email")
  [1m[36mSQL (0.1ms)[0m  [1mINSERT INTO "schema_migrations" ("version") VALUES (?)[0m  [["version", "20141014205756"]]
  [1m[35m (4.6ms)[0m  commit transaction
Migrating to AddPasswordDigestToUsers (20141014234032)
  [1m[36m (0.1ms)[0m  [1mbegin transaction[0m
  [1m[35m (0.2ms)[0m  ALTER TABLE "users" ADD "password_digest" varchar
  [1m[36mSQL (0.1ms)[0m  [1mINSERT INTO "schema_migrations" ("version") VALUES (?)[0m  [["version", "20141014234032"]]
  [1m[35m (4.2ms)[0m  commit transaction
Migrating to AddRememberDigestToUsers (20141030174712)
  [1m[36m (0.0ms)[0m  [1mbegin transaction[0m
  [1m[35m (0.2ms)[0m  ALTER TABLE "users" ADD "remember_digest" varchar
  [1m[36mSQL (0.1ms)[0m  [1mINSERT INTO "schema_migrations" ("version") VALUES (?)[0m  [["version", "20141030174712"]]
  [1m[35m (7.3ms)[0m  commit transaction
Migrating to AddAdminToUsers (20141104004736)
  [1m[36m (0.0ms)[0m  [1mbegin transaction[0m
  [1m[35m (0.2ms)[0m  ALTER TABLE "users" ADD "admin" boolean DEFAULT 'f'
  [1m[36mSQL (0.1ms)[0m  [1mINSERT INTO "schema_migrations" ("version") VALUES (?)[0m  [["version", "20141104004736"]]
  [1m[35m (4.5ms)[0m  commit transaction
Migrating to AddActivationToUsers (20141106193737)
  [1m[36m (0.0ms)[0m  [1mbegin transaction[0m
  [1m[35m (0.2ms)[0m  ALTER TABLE "users" ADD "activation_digest" varchar
  [1m[36m (0.2ms)[0m  [1mALTER TABLE "users" ADD "activated" boolean DEFAULT 'f'[0m
  [1m[35m (0.2ms)[0m  ALTER TABLE "users" ADD "activated_at" datetime
  [1m[36mSQL (0.1ms)[0m  [1mINSERT INTO "schema_migrations" ("version") VALUES (?)[0m  [["version", "20141106193737"]]
  [1m[35m (5.5ms)[0m  commit transaction
Migrating to AddResetToUsers (20141107180258)
  [1m[36m (0.0ms)[0m  [1mbegin transaction[0m
  [1m[35m (0.2ms)[0m  ALTER TABLE "users" ADD "reset_digest" varchar
  [1m[36m (0.2ms)[0m  [1mALTER TABLE "users" ADD "reset_sent_at" datetime[0m
  [1m[35mSQL (0.1ms)[0m  INSERT INTO "schema_migrations" ("version") VALUES (?)  [["version", "20141107180258"]]
  [1m[36m (4.1ms)[0m  [1mcommit transaction[0m
Migrating to CreateMicroposts (20141110194807)
  [1m[35m (0.0ms)[0m  begin transaction
  [1m[36m (0.2ms)[0m  [1mCREATE TABLE "microposts" ("id" INTEGER PRIMARY KEY AUTOINCREMENT NOT NULL, "content" text, "user_id" integer, "created_at" datetime NOT NULL, "updated_at" datetime NOT NULL) [0m
  [1m[35m (0.1ms)[0m  CREATE  INDEX "index_microposts_on_user_id" ON "microposts" ("user_id")
  [1m[36m (0.1ms)[0m  [1m            SELECT sql
            FROM sqlite_master
            WHERE name='index_microposts_on_user_id' AND type='index'
            UNION ALL
            SELECT sql
            FROM sqlite_temp_master
            WHERE name='index_microposts_on_user_id' AND type='index'
[0m
  [1m[35m (0.1ms)[0m  CREATE  INDEX "index_microposts_on_user_id_and_created_at" ON "microposts" ("user_id", "created_at")
  [1m[36mSQL (0.1ms)[0m  [1mINSERT INTO "schema_migrations" ("version") VALUES (?)[0m  [["version", "20141110194807"]]
  [1m[35m (4.7ms)[0m  commit transaction
Migrating to AddPictureToMicroposts (20141111014949)
  [1m[36m (0.0ms)[0m  [1mbegin transaction[0m
  [1m[35m (0.2ms)[0m  ALTER TABLE "microposts" ADD "picture" varchar
  [1m[36mSQL (0.1ms)[0m  [1mINSERT INTO "schema_migrations" ("version") VALUES (?)[0m  [["version", "20141111014949"]]
  [1m[35m (5.3ms)[0m  commit transaction
Migrating to CreateRelationships (20141111214811)
  [1m[36m (0.0ms)[0m  [1mbegin transaction[0m
  [1m[35m (0.2ms)[0m  CREATE TABLE "relationships" ("id" INTEGER PRIMARY KEY AUTOINCREMENT NOT NULL, "follower_id" integer, "followed_id" integer, "created_at" datetime NOT NULL, "updated_at" datetime NOT NULL) 
  [1m[36m (0.1ms)[0m  [1mCREATE  INDEX "index_relationships_on_follower_id" ON "relationships" ("follower_id")[0m
  [1m[35m (0.1ms)[0m              SELECT sql
            FROM sqlite_master
            WHERE name='index_relationships_on_follower_id' AND type='index'
            UNION ALL
            SELECT sql
            FROM sqlite_temp_master
            WHERE name='index_relationships_on_follower_id' AND type='index'

  [1m[36m (0.1ms)[0m  [1mCREATE  INDEX "index_relationships_on_followed_id" ON "relationships" ("followed_id")[0m
  [1m[35m (0.1ms)[0m              SELECT sql
            FROM sqlite_master
            WHERE name='index_relationships_on_followed_id' AND type='index'
            UNION ALL
            SELECT sql
            FROM sqlite_temp_master
            WHERE name='index_relationships_on_followed_id' AND type='index'

  [1m[36m (0.1ms)[0m  [1m            SELECT sql
            FROM sqlite_master
            WHERE name='index_relationships_on_follower_id' AND type='index'
            UNION ALL
            SELECT sql
            FROM sqlite_temp_master
            WHERE name='index_relationships_on_follower_id' AND type='index'
[0m
  [1m[35m (0.2ms)[0m  CREATE UNIQUE INDEX "index_relationships_on_follower_id_and_followed_id" ON "relationships" ("follower_id", "followed_id")
  [1m[36mSQL (0.1ms)[0m  [1mINSERT INTO "schema_migrations" ("version") VALUES (?)[0m  [["version", "20141111214811"]]
  [1m[35m (5.6ms)[0m  commit transaction
  [1m[36mActiveRecord::SchemaMigration Load (0.1ms)[0m  [1mSELECT "schema_migrations".* FROM "schema_migrations"[0m
  [1m[35m (0.1ms)[0m              SELECT sql
            FROM sqlite_master
            WHERE name='index_microposts_on_user_id_and_created_at' AND type='index'
            UNION ALL
            SELECT sql
            FROM sqlite_temp_master
            WHERE name='index_microposts_on_user_id_and_created_at' AND type='index'

  [1m[36m (0.1ms)[0m  [1m            SELECT sql
            FROM sqlite_master
            WHERE name='index_microposts_on_user_id' AND type='index'
            UNION ALL
            SELECT sql
            FROM sqlite_temp_master
            WHERE name='index_microposts_on_user_id' AND type='index'
[0m
  [1m[35m (0.1ms)[0m              SELECT sql
            FROM sqlite_master
            WHERE name='index_relationships_on_follower_id_and_followed_id' AND type='index'
            UNION ALL
            SELECT sql
            FROM sqlite_temp_master
            WHERE name='index_relationships_on_follower_id_and_followed_id' AND type='index'

  [1m[36m (0.1ms)[0m  [1m            SELECT sql
            FROM sqlite_master
            WHERE name='index_relationships_on_followed_id' AND type='index'
            UNION ALL
            SELECT sql
            FROM sqlite_temp_master
            WHERE name='index_relationships_on_followed_id' AND type='index'
[0m
  [1m[35m (0.1ms)[0m              SELECT sql
            FROM sqlite_master
            WHERE name='index_relationships_on_follower_id' AND type='index'
            UNION ALL
            SELECT sql
            FROM sqlite_temp_master
            WHERE name='index_relationships_on_follower_id' AND type='index'

  [1m[36m (0.1ms)[0m  [1m            SELECT sql
            FROM sqlite_master
            WHERE name='index_users_on_email' AND type='index'
            UNION ALL
            SELECT sql
            FROM sqlite_temp_master
            WHERE name='index_users_on_email' AND type='index'
[0m


Started GET "/" for 165.91.12.70 at 2018-03-20 18:38:59 +0000
  [1m[36mActiveRecord::SchemaMigration Load (0.1ms)[0m  [1mSELECT "schema_migrations".* FROM "schema_migrations"[0m
Processing by StaticPagesController#home as HTML
  Rendered static_pages/home.html.erb within layouts/application (107.1ms)
  Rendered layouts/_shim.html.erb (0.3ms)
  Rendered layouts/_header.html.erb (0.7ms)
  Rendered layouts/_footer.html.erb (0.4ms)
Completed 200 OK in 3401ms (Views: 3390.1ms | ActiveRecord: 0.0ms)


Started GET "/assets/microposts.self-e3b0c44298fc1c149afbf4c8996fb92427ae41e4649b934ca495991b7852b855.css?body=1" for 165.91.12.70 at 2018-03-20 18:39:03 +0000


Started GET "/assets/custom.self-cc40f2e4c1546b66c68453ff94fb76410dcb3fa000df5c27d5c86c23c407255f.css?body=1" for 165.91.12.70 at 2018-03-20 18:39:03 +0000


Started GET "/assets/account_activations.self-e3b0c44298fc1c149afbf4c8996fb92427ae41e4649b934ca495991b7852b855.css?body=1" for 165.91.12.70 at 2018-03-20 18:39:03 +0000


Started GET "/assets/jquery.self-d03a5518f45df77341bdbe6201ba3bfa547ebba8ed64f0ea56bfa5f96ea7c074.js?body=1" for 165.91.12.70 at 2018-03-20 18:39:03 +0000


Started GET "/assets/application.self-565a90fd247bd9ef75cf5f71be1e11e37c3ad80695d8bdfb331fe844afbe0a9e.css?body=1" for 165.91.12.70 at 2018-03-20 18:39:03 +0000


Started GET "/assets/relationships.self-e3b0c44298fc1c149afbf4c8996fb92427ae41e4649b934ca495991b7852b855.css?body=1" for 165.91.12.70 at 2018-03-20 18:39:03 +0000


Started GET "/assets/password_resets.self-e3b0c44298fc1c149afbf4c8996fb92427ae41e4649b934ca495991b7852b855.css?body=1" for 165.91.12.70 at 2018-03-20 18:39:03 +0000


Started GET "/assets/jquery_ujs.self-8e98a7a072a6cee1372d19fff9ff3e6aa1e39a37d89d6f06861637d061113ee7.js?body=1" for 165.91.12.70 at 2018-03-20 18:39:03 +0000


Started GET "/assets/static_pages.self-e3b0c44298fc1c149afbf4c8996fb92427ae41e4649b934ca495991b7852b855.css?body=1" for 165.91.12.70 at 2018-03-20 18:39:03 +0000


Started GET "/assets/users.self-e3b0c44298fc1c149afbf4c8996fb92427ae41e4649b934ca495991b7852b855.css?body=1" for 165.91.12.70 at 2018-03-20 18:39:03 +0000


Started GET "/assets/bootstrap.self-cdea7efeac1597b89ddd6fd86b0e8e0bec5d5fb1fac9c6e8a045f2c59eef2d13.js?body=1" for 165.91.12.70 at 2018-03-20 18:39:03 +0000


Started GET "/assets/sessions.self-e3b0c44298fc1c149afbf4c8996fb92427ae41e4649b934ca495991b7852b855.css?body=1" for 165.91.12.70 at 2018-03-20 18:39:03 +0000


Started GET "/assets/microposts.self-877aef30ae1b040ab8a3aba4e3e309a11d7f2612f44dde450b5c157aa5f95c05.js?body=1" for 165.91.12.70 at 2018-03-20 18:39:04 +0000


Started GET "/assets/account_activations.self-877aef30ae1b040ab8a3aba4e3e309a11d7f2612f44dde450b5c157aa5f95c05.js?body=1" for 165.91.12.70 at 2018-03-20 18:39:04 +0000


Started GET "/assets/turbolinks.self-c846e670826600e8c91b1a5ada3e6547110d996cd6ff24cde55024f7a135a1b4.js?body=1" for 165.91.12.70 at 2018-03-20 18:39:04 +0000


Started GET "/assets/sessions.self-877aef30ae1b040ab8a3aba4e3e309a11d7f2612f44dde450b5c157aa5f95c05.js?body=1" for 165.91.12.70 at 2018-03-20 18:39:04 +0000


Started GET "/assets/relationships.self-877aef30ae1b040ab8a3aba4e3e309a11d7f2612f44dde450b5c157aa5f95c05.js?body=1" for 165.91.12.70 at 2018-03-20 18:39:04 +0000


Started GET "/assets/password_resets.self-877aef30ae1b040ab8a3aba4e3e309a11d7f2612f44dde450b5c157aa5f95c05.js?body=1" for 165.91.12.70 at 2018-03-20 18:39:04 +0000


Started GET "/assets/static_pages.self-877aef30ae1b040ab8a3aba4e3e309a11d7f2612f44dde450b5c157aa5f95c05.js?body=1" for 165.91.12.70 at 2018-03-20 18:39:04 +0000


Started GET "/assets/users.self-877aef30ae1b040ab8a3aba4e3e309a11d7f2612f44dde450b5c157aa5f95c05.js?body=1" for 165.91.12.70 at 2018-03-20 18:39:04 +0000


Started GET "/assets/application.self-120f3cf1cb67bea53c4a2a57336b34ca04b04b55a55c38cf76ce20a147e5eff9.js?body=1" for 165.91.12.70 at 2018-03-20 18:39:04 +0000


Started GET "/assets/rails-c094bc3a4bf50e5bb477109e5cb0d213af27ad75b481c4df249f50974dbeefe6.png" for 165.91.12.70 at 2018-03-20 18:39:04 +0000


Started GET "/login" for 165.91.12.70 at 2018-03-20 18:39:21 +0000
Processing by SessionsController#new as HTML
  Rendered sessions/new.html.erb within layouts/application (226.8ms)
  Rendered layouts/_shim.html.erb (0.7ms)
  Rendered layouts/_header.html.erb (0.8ms)
  Rendered layouts/_footer.html.erb (0.4ms)
Completed 200 OK in 337ms (Views: 336.7ms | ActiveRecord: 0.0ms)


Started GET "/" for 165.91.12.70 at 2018-03-20 18:42:24 +0000
Processing by StaticPagesController#home as HTML
  Rendered static_pages/home.html.erb within layouts/application (2.7ms)
  Rendered layouts/_shim.html.erb (0.0ms)
  Rendered layouts/_header.html.erb (0.2ms)
  Rendered layouts/_footer.html.erb (0.1ms)
Completed 200 OK in 104ms (Views: 103.3ms | ActiveRecord: 0.0ms)


Started GET "/" for 165.91.12.70 at 2018-03-20 18:47:07 +0000
  [1m[36mActiveRecord::SchemaMigration Load (0.1ms)[0m  [1mSELECT "schema_migrations".* FROM "schema_migrations"[0m
Processing by StaticPagesController#home as HTML
  Rendered static_pages/home.html.erb within layouts/application (109.5ms)
  Rendered layouts/_shim.html.erb (0.6ms)
  Rendered layouts/_header.html.erb (1.3ms)
  Rendered layouts/_footer.html.erb (1.1ms)
Completed 200 OK in 310ms (Views: 298.6ms | ActiveRecord: 0.0ms)


Started GET "/" for 165.91.12.70 at 2018-03-20 18:49:26 +0000
  [1m[36mActiveRecord::SchemaMigration Load (0.1ms)[0m  [1mSELECT "schema_migrations".* FROM "schema_migrations"[0m
Processing by StaticPagesController#home as HTML
  Rendered static_pages/home.html.erb within layouts/application (96.3ms)
  Rendered layouts/_shim.html.erb (0.3ms)
  Rendered layouts/_header.html.erb (1.0ms)
  Rendered layouts/_footer.html.erb (0.7ms)
Completed 200 OK in 290ms (Views: 278.5ms | ActiveRecord: 0.0ms)


Started GET "/" for 165.91.12.70 at 2018-03-20 18:52:42 +0000
  [1m[36mActiveRecord::SchemaMigration Load (0.1ms)[0m  [1mSELECT "schema_migrations".* FROM "schema_migrations"[0m
Processing by StaticPagesController#home as HTML
  Rendered static_pages/home.html.erb within layouts/application (96.5ms)
  Rendered layouts/_shim.html.erb (0.3ms)
  Rendered layouts/_header.html.erb (1.0ms)
  Rendered layouts/_footer.html.erb (0.7ms)
Completed 200 OK in 296ms (Views: 284.3ms | ActiveRecord: 0.0ms)


Started GET "/signup" for 165.91.12.70 at 2018-03-20 18:52:46 +0000
Processing by UsersController#new as HTML
  Rendered shared/_error_messages.html.erb (1.9ms)
  Rendered users/new.html.erb within layouts/application (199.9ms)
  Rendered layouts/_shim.html.erb (0.3ms)
  Rendered layouts/_header.html.erb (0.8ms)
  Rendered layouts/_footer.html.erb (0.4ms)
Completed 200 OK in 321ms (Views: 288.3ms | ActiveRecord: 0.3ms)


Started GET "/" for 165.91.12.70 at 2018-03-20 18:54:03 +0000
  [1m[36mActiveRecord::SchemaMigration Load (0.1ms)[0m  [1mSELECT "schema_migrations".* FROM "schema_migrations"[0m
Processing by StaticPagesController#home as HTML
  Rendered static_pages/home.html.erb within layouts/application (96.1ms)
  Rendered layouts/_shim.html.erb (0.6ms)
  Rendered layouts/_header.html.erb (1.8ms)
  Rendered layouts/_footer.html.erb (0.4ms)
Completed 200 OK in 298ms (Views: 287.1ms | ActiveRecord: 0.0ms)


Started GET "/" for 165.91.12.70 at 2018-03-20 18:54:26 +0000
  [1m[36mActiveRecord::SchemaMigration Load (0.1ms)[0m  [1mSELECT "schema_migrations".* FROM "schema_migrations"[0m
Processing by StaticPagesController#home as HTML
  Rendered static_pages/home.html.erb within layouts/application (98.3ms)
  Rendered layouts/_shim.html.erb (0.3ms)
  Rendered layouts/_header.html.erb (1.7ms)
  Rendered layouts/_footer.html.erb (1.0ms)
Completed 200 OK in 299ms (Views: 288.1ms | ActiveRecord: 0.0ms)


Started GET "/" for 165.91.12.70 at 2018-03-20 18:57:40 +0000
Processing by StaticPagesController#home as HTML
  Rendered static_pages/home.html.erb within layouts/application (4.0ms)
  Rendered layouts/_shim.html.erb (0.4ms)
  Rendered layouts/_header.html.erb (1.0ms)
  Rendered layouts/_footer.html.erb (0.5ms)
Completed 200 OK in 126ms (Views: 125.3ms | ActiveRecord: 0.0ms)


Started GET "/" for 165.91.12.70 at 2018-03-20 18:57:41 +0000
Processing by StaticPagesController#home as HTML
  Rendered static_pages/home.html.erb within layouts/application (2.1ms)
  Rendered layouts/_shim.html.erb (0.0ms)
  Rendered layouts/_header.html.erb (0.2ms)
  Rendered layouts/_footer.html.erb (0.1ms)
Completed 200 OK in 114ms (Views: 113.9ms | ActiveRecord: 0.0ms)


Started GET "/" for 165.91.12.70 at 2018-03-20 18:57:43 +0000
Processing by StaticPagesController#home as HTML
  Rendered static_pages/home.html.erb within layouts/application (2.0ms)
  Rendered layouts/_shim.html.erb (0.0ms)
  Rendered layouts/_header.html.erb (0.2ms)
  Rendered layouts/_footer.html.erb (0.1ms)
Completed 200 OK in 111ms (Views: 110.6ms | ActiveRecord: 0.0ms)


Started GET "/" for 165.91.12.70 at 2018-03-20 18:57:44 +0000
Processing by StaticPagesController#home as HTML
  Rendered static_pages/home.html.erb within layouts/application (2.0ms)
  Rendered layouts/_shim.html.erb (0.0ms)
  Rendered layouts/_header.html.erb (0.3ms)
  Rendered layouts/_footer.html.erb (0.1ms)
Completed 200 OK in 112ms (Views: 111.7ms | ActiveRecord: 0.0ms)


Started GET "/help" for 165.91.12.70 at 2018-03-20 18:57:45 +0000
Processing by StaticPagesController#help as HTML
  Rendered static_pages/help.html.erb within layouts/application (0.5ms)
  Rendered layouts/_shim.html.erb (0.0ms)
  Rendered layouts/_header.html.erb (0.3ms)
  Rendered layouts/_footer.html.erb (0.1ms)
Completed 200 OK in 137ms (Views: 136.3ms | ActiveRecord: 0.0ms)


Started GET "/help" for 165.91.12.70 at 2018-03-20 18:57:46 +0000
Processing by StaticPagesController#help as HTML
  Rendered static_pages/help.html.erb within layouts/application (0.0ms)
  Rendered layouts/_shim.html.erb (0.0ms)
  Rendered layouts/_header.html.erb (0.3ms)
  Rendered layouts/_footer.html.erb (0.1ms)
Completed 200 OK in 88ms (Views: 87.2ms | ActiveRecord: 0.0ms)


Started GET "/" for 165.91.12.70 at 2018-03-20 18:57:51 +0000
Processing by StaticPagesController#home as HTML
  Rendered static_pages/home.html.erb within layouts/application (1.8ms)
  Rendered layouts/_shim.html.erb (0.1ms)
  Rendered layouts/_header.html.erb (0.2ms)
  Rendered layouts/_footer.html.erb (0.1ms)
Completed 200 OK in 86ms (Views: 85.7ms | ActiveRecord: 0.0ms)


Started GET "/" for 165.91.12.70 at 2018-03-20 18:57:52 +0000
Processing by StaticPagesController#home as HTML
  Rendered static_pages/home.html.erb within layouts/application (1.7ms)
  Rendered layouts/_shim.html.erb (0.0ms)
  Rendered layouts/_header.html.erb (0.2ms)
  Rendered layouts/_footer.html.erb (0.2ms)
Completed 200 OK in 83ms (Views: 82.9ms | ActiveRecord: 0.0ms)


Started GET "/" for 165.91.12.70 at 2018-03-20 18:57:54 +0000
Processing by StaticPagesController#home as HTML
  Rendered static_pages/home.html.erb within layouts/application (1.7ms)
  Rendered layouts/_shim.html.erb (0.1ms)
  Rendered layouts/_header.html.erb (0.3ms)
  Rendered layouts/_footer.html.erb (0.1ms)
Completed 200 OK in 96ms (Views: 95.7ms | ActiveRecord: 0.0ms)


Started GET "/" for 165.91.12.70 at 2018-03-20 18:57:56 +0000
Processing by StaticPagesController#home as HTML
  Rendered static_pages/home.html.erb within layouts/application (2.1ms)
  Rendered layouts/_shim.html.erb (0.0ms)
  Rendered layouts/_header.html.erb (0.2ms)
  Rendered layouts/_footer.html.erb (0.1ms)
Completed 200 OK in 99ms (Views: 98.6ms | ActiveRecord: 0.0ms)


Started GET "/login" for 165.91.12.70 at 2018-03-20 18:57:57 +0000
Processing by SessionsController#new as HTML
  Rendered sessions/new.html.erb within layouts/application (211.4ms)
  Rendered layouts/_shim.html.erb (0.0ms)
  Rendered layouts/_header.html.erb (0.3ms)
  Rendered layouts/_footer.html.erb (0.1ms)
Completed 200 OK in 297ms (Views: 296.5ms | ActiveRecord: 0.0ms)


Started GET "/" for 165.91.12.70 at 2018-03-20 19:00:00 +0000
Processing by StaticPagesController#home as HTML
  Rendered static_pages/home.html.erb within layouts/application (1.8ms)
  Rendered layouts/_shim.html.erb (0.0ms)
  Rendered layouts/_header.html.erb (0.9ms)
  Rendered layouts/_footer.html.erb (0.2ms)
Completed 200 OK in 109ms (Views: 108.0ms | ActiveRecord: 0.0ms)


Started GET "/" for 165.91.12.70 at 2018-03-20 19:02:31 +0000
Processing by StaticPagesController#home as HTML
  Rendered static_pages/home.html.erb within layouts/application (2.1ms)
  Rendered layouts/_shim.html.erb (0.0ms)
  Rendered layouts/_header.html.erb (0.8ms)
  Rendered layouts/_footer.html.erb (0.1ms)
Completed 200 OK in 93ms (Views: 92.6ms | ActiveRecord: 0.0ms)


Started GET "/" for 165.91.12.70 at 2018-03-20 19:03:31 +0000
Processing by StaticPagesController#home as HTML
  Rendered static_pages/home.html.erb within layouts/application (1.9ms)
  Rendered layouts/_shim.html.erb (0.0ms)
  Rendered layouts/_header.html.erb (0.9ms)
  Rendered layouts/_footer.html.erb (0.1ms)
Completed 200 OK in 100ms (Views: 99.8ms | ActiveRecord: 0.0ms)


Started GET "/" for 165.91.12.70 at 2018-03-20 19:04:24 +0000
Processing by StaticPagesController#home as HTML
  Rendered static_pages/home.html.erb within layouts/application (2.1ms)
  Rendered layouts/_shim.html.erb (0.0ms)
  Rendered layouts/_header.html.erb (0.8ms)
  Rendered layouts/_footer.html.erb (0.1ms)
Completed 200 OK in 101ms (Views: 100.3ms | ActiveRecord: 0.0ms)


Started GET "/" for 165.91.12.70 at 2018-03-20 19:04:26 +0000
Processing by StaticPagesController#home as HTML
  Rendered static_pages/home.html.erb within layouts/application (1.8ms)
  Rendered layouts/_shim.html.erb (0.1ms)
  Rendered layouts/_header.html.erb (1.1ms)
  Rendered layouts/_footer.html.erb (0.3ms)
Completed 200 OK in 103ms (Views: 102.4ms | ActiveRecord: 0.0ms)


Started GET "/" for 165.91.12.70 at 2018-03-20 19:04:28 +0000
Processing by StaticPagesController#home as HTML
  Rendered static_pages/home.html.erb within layouts/application (2.0ms)
  Rendered layouts/_shim.html.erb (0.0ms)
  Rendered layouts/_header.html.erb (0.3ms)
  Rendered layouts/_footer.html.erb (0.1ms)
Completed 200 OK in 98ms (Views: 97.4ms | ActiveRecord: 0.0ms)


Started GET "/" for 165.91.12.70 at 2018-03-20 19:04:30 +0000
Processing by StaticPagesController#home as HTML
  Rendered static_pages/home.html.erb within layouts/application (2.0ms)
  Rendered layouts/_shim.html.erb (0.0ms)
  Rendered layouts/_header.html.erb (0.3ms)
  Rendered layouts/_footer.html.erb (0.1ms)
Completed 200 OK in 94ms (Views: 93.1ms | ActiveRecord: 0.0ms)


Started GET "/" for 165.91.12.70 at 2018-03-20 19:04:30 +0000
Processing by StaticPagesController#home as HTML
  Rendered static_pages/home.html.erb within layouts/application (1.9ms)
  Rendered layouts/_shim.html.erb (0.0ms)
  Rendered layouts/_header.html.erb (0.3ms)
  Rendered layouts/_footer.html.erb (0.2ms)
Completed 200 OK in 100ms (Views: 99.8ms | ActiveRecord: 0.0ms)


Started GET "/" for 165.91.12.70 at 2018-03-20 19:04:30 +0000
Processing by StaticPagesController#home as HTML
  Rendered static_pages/home.html.erb within layouts/application (2.0ms)
  Rendered layouts/_shim.html.erb (0.0ms)
  Rendered layouts/_header.html.erb (0.2ms)
  Rendered layouts/_footer.html.erb (0.1ms)
Completed 200 OK in 97ms (Views: 96.1ms | ActiveRecord: 0.0ms)


Started GET "/" for 165.91.12.70 at 2018-03-20 19:04:31 +0000
Processing by StaticPagesController#home as HTML
  Rendered static_pages/home.html.erb within layouts/application (1.8ms)
  Rendered layouts/_shim.html.erb (0.0ms)
  Rendered layouts/_header.html.erb (0.3ms)
  Rendered layouts/_footer.html.erb (0.2ms)
Completed 200 OK in 104ms (Views: 103.4ms | ActiveRecord: 0.0ms)


Started GET "/" for 165.91.12.70 at 2018-03-20 19:04:32 +0000
Processing by StaticPagesController#home as HTML
  Rendered static_pages/home.html.erb within layouts/application (1.9ms)
  Rendered layouts/_shim.html.erb (0.0ms)
  Rendered layouts/_header.html.erb (0.3ms)
  Rendered layouts/_footer.html.erb (0.1ms)
Completed 200 OK in 95ms (Views: 94.3ms | ActiveRecord: 0.0ms)


Started GET "/" for 165.91.12.70 at 2018-03-20 19:04:33 +0000
Processing by StaticPagesController#home as HTML
  Rendered static_pages/home.html.erb within layouts/application (1.8ms)
  Rendered layouts/_shim.html.erb (0.0ms)
  Rendered layouts/_header.html.erb (0.2ms)
  Rendered layouts/_footer.html.erb (0.1ms)
Completed 200 OK in 93ms (Views: 92.9ms | ActiveRecord: 0.0ms)


Started GET "/" for 165.91.12.70 at 2018-03-20 19:04:34 +0000
Processing by StaticPagesController#home as HTML
  Rendered static_pages/home.html.erb within layouts/application (1.9ms)
  Rendered layouts/_shim.html.erb (0.0ms)
  Rendered layouts/_header.html.erb (0.3ms)
  Rendered layouts/_footer.html.erb (0.1ms)
Completed 200 OK in 97ms (Views: 96.2ms | ActiveRecord: 0.0ms)


Started GET "/" for 165.91.12.70 at 2018-03-20 19:04:34 +0000
Processing by StaticPagesController#home as HTML
  Rendered static_pages/home.html.erb within layouts/application (1.9ms)
  Rendered layouts/_shim.html.erb (0.0ms)
  Rendered layouts/_header.html.erb (0.2ms)
  Rendered layouts/_footer.html.erb (0.1ms)
Completed 200 OK in 100ms (Views: 99.5ms | ActiveRecord: 0.0ms)


Started GET "/" for 165.91.12.70 at 2018-03-20 19:04:34 +0000
Processing by StaticPagesController#home as HTML
  Rendered static_pages/home.html.erb within layouts/application (2.2ms)
  Rendered layouts/_shim.html.erb (0.1ms)
  Rendered layouts/_header.html.erb (0.3ms)
  Rendered layouts/_footer.html.erb (0.1ms)
Completed 200 OK in 100ms (Views: 99.7ms | ActiveRecord: 0.0ms)


Started GET "/help" for 165.91.12.70 at 2018-03-20 19:06:47 +0000
Processing by StaticPagesController#help as HTML
  Rendered static_pages/help.html.erb within layouts/application (0.1ms)
  Rendered layouts/_shim.html.erb (0.0ms)
  Rendered layouts/_header.html.erb (0.3ms)
  Rendered layouts/_footer.html.erb (0.1ms)
Completed 200 OK in 93ms (Views: 92.8ms | ActiveRecord: 0.0ms)


Started GET "/" for 165.91.12.70 at 2018-03-20 19:07:49 +0000
Processing by StaticPagesController#home as HTML
  Rendered static_pages/home.html.erb within layouts/application (2.7ms)
  Rendered layouts/_shim.html.erb (0.0ms)
  Rendered layouts/_header.html.erb (0.3ms)
  Rendered layouts/_footer.html.erb (0.2ms)
Completed 200 OK in 95ms (Views: 94.4ms | ActiveRecord: 0.0ms)


Started GET "/" for 165.91.12.70 at 2018-03-20 19:08:34 +0000
Processing by StaticPagesController#home as HTML
  Rendered static_pages/home.html.erb within layouts/application (2.5ms)
  Rendered layouts/_shim.html.erb (0.0ms)
  Rendered layouts/_header.html.erb (0.3ms)
  Rendered layouts/_footer.html.erb (0.2ms)
Completed 200 OK in 102ms (Views: 101.6ms | ActiveRecord: 0.0ms)


Started GET "/" for 165.91.12.70 at 2018-03-20 19:11:49 +0000
Processing by StaticPagesController#home as HTML
  Rendered static_pages/home.html.erb within layouts/application (0.6ms)
  Rendered layouts/_shim.html.erb (0.0ms)
  Rendered layouts/_header.html.erb (0.2ms)
  Rendered layouts/_footer.html.erb (0.1ms)
Completed 200 OK in 98ms (Views: 97.9ms | ActiveRecord: 0.0ms)


Started GET "/" for 165.91.12.70 at 2018-03-20 19:14:50 +0000
Processing by StaticPagesController#home as HTML
  Rendered static_pages/home.html.erb within layouts/application (0.7ms)
  Rendered layouts/_shim.html.erb (0.0ms)
  Rendered layouts/_header.html.erb (0.2ms)
  Rendered layouts/_footer.html.erb (0.5ms)
Completed 200 OK in 104ms (Views: 103.3ms | ActiveRecord: 0.0ms)


Started GET "/" for 165.91.12.70 at 2018-03-20 19:16:28 +0000
Processing by StaticPagesController#home as HTML
  Rendered static_pages/home.html.erb within layouts/application (0.7ms)
  Rendered layouts/_shim.html.erb (0.0ms)
  Rendered layouts/_header.html.erb (0.3ms)
  Rendered layouts/_footer.html.erb (0.5ms)
Completed 200 OK in 97ms (Views: 96.2ms | ActiveRecord: 0.0ms)


Started GET "/" for 165.91.12.70 at 2018-03-20 19:16:29 +0000
Processing by StaticPagesController#home as HTML
  Rendered static_pages/home.html.erb within layouts/application (0.2ms)
  Rendered layouts/_shim.html.erb (0.0ms)
  Rendered layouts/_header.html.erb (0.3ms)
  Rendered layouts/_footer.html.erb (0.1ms)
Completed 200 OK in 98ms (Views: 98.0ms | ActiveRecord: 0.0ms)


Started GET "/" for 165.91.12.70 at 2018-03-20 19:16:30 +0000
Processing by StaticPagesController#home as HTML
  Rendered static_pages/home.html.erb within layouts/application (0.1ms)
  Rendered layouts/_shim.html.erb (0.0ms)
  Rendered layouts/_header.html.erb (0.2ms)
  Rendered layouts/_footer.html.erb (0.2ms)
Completed 200 OK in 96ms (Views: 95.0ms | ActiveRecord: 0.0ms)


Started GET "/" for 165.91.12.70 at 2018-03-20 19:22:05 +0000
  [1m[36mActiveRecord::SchemaMigration Load (0.1ms)[0m  [1mSELECT "schema_migrations".* FROM "schema_migrations"[0m
Processing by StaticPagesController#home as HTML
  Rendered static_pages/home.html.erb within layouts/application (1.5ms)
  Rendered layouts/_shim.html.erb (0.3ms)
  Rendered layouts/_header.html.erb (1.2ms)
  Rendered layouts/_footer.html.erb (0.7ms)
Completed 200 OK in 291ms (Views: 280.0ms | ActiveRecord: 0.0ms)


Started GET "/" for 165.91.12.70 at 2018-03-20 19:22:47 +0000
Processing by StaticPagesController#home as HTML
  Rendered static_pages/home.html.erb within layouts/application (0.2ms)
  Rendered layouts/_shim.html.erb (0.0ms)
  Rendered layouts/_header.html.erb (0.3ms)
  Rendered layouts/_footer.html.erb (0.1ms)
Completed 200 OK in 120ms (Views: 119.1ms | ActiveRecord: 0.0ms)


Started GET "/signup" for 165.91.12.70 at 2018-03-20 19:23:16 +0000
Processing by UsersController#new as HTML
  Rendered shared/_error_messages.html.erb (1.9ms)
  Rendered users/new.html.erb within layouts/application (194.2ms)
  Rendered layouts/_shim.html.erb (0.3ms)
  Rendered layouts/_header.html.erb (0.8ms)
  Rendered layouts/_footer.html.erb (0.4ms)
Completed 200 OK in 300ms (Views: 284.4ms | ActiveRecord: 0.4ms)


Started GET "/login" for 165.91.12.70 at 2018-03-20 19:23:51 +0000
Processing by SessionsController#new as HTML
  Rendered sessions/new.html.erb within layouts/application (3.1ms)
  Rendered layouts/_shim.html.erb (0.0ms)
  Rendered layouts/_header.html.erb (0.3ms)
  Rendered layouts/_footer.html.erb (0.1ms)
Completed 200 OK in 88ms (Views: 87.1ms | ActiveRecord: 0.0ms)


Started GET "/login" for 165.91.12.70 at 2018-03-20 19:24:08 +0000
Processing by SessionsController#new as HTML
  Rendered sessions/new.html.erb within layouts/application (0.9ms)
  Rendered layouts/_shim.html.erb (0.0ms)
  Rendered layouts/_header.html.erb (0.3ms)
  Rendered layouts/_footer.html.erb (0.1ms)
Completed 200 OK in 109ms (Views: 108.4ms | ActiveRecord: 0.0ms)


Started GET "/signup" for 165.91.12.70 at 2018-03-20 19:27:14 +0000
Processing by UsersController#new as HTML
  Rendered shared/_error_messages.html.erb (0.0ms)
  Rendered users/new.html.erb within layouts/application (2.7ms)
  Rendered layouts/_shim.html.erb (0.0ms)
  Rendered layouts/_header.html.erb (0.3ms)
  Rendered layouts/_footer.html.erb (0.2ms)
Completed 200 OK in 103ms (Views: 102.2ms | ActiveRecord: 0.0ms)


Started POST "/users" for 165.91.12.70 at 2018-03-20 19:27:26 +0000
Processing by UsersController#create as HTML
  Parameters: {"utf8"=>"✓", "authenticity_token"=>"sr8My9Sn6aGes9OL5709/DPn+IiTodc5t1qlzqq9RbdgVCboIKp88QaNRCYSN0uEGrFBjIhnUib1QWTehZxj4w==", "user"=>{"name"=>"abhineet bhojak", "email"=>"abhineetmnnit26@gmail.com", "password"=>"[FILTERED]", "password_confirmation"=>"[FILTERED]"}, "commit"=>"Create my account"}
  [1m[35m (0.2ms)[0m  begin transaction
  [1m[36mUser Exists (0.1ms)[0m  [1mSELECT  1 AS one FROM "users" WHERE LOWER("users"."email") = LOWER('abhineetmnnit26@gmail.com') LIMIT 1[0m
  [1m[35m (0.1ms)[0m  rollback transaction
  Rendered shared/_error_messages.html.erb (0.9ms)
  Rendered users/new.html.erb within layouts/application (4.2ms)
  Rendered layouts/_shim.html.erb (0.0ms)
  Rendered layouts/_header.html.erb (0.3ms)
  Rendered layouts/_footer.html.erb (0.1ms)
Completed 200 OK in 188ms (Views: 98.4ms | ActiveRecord: 0.4ms)


Started POST "/users" for 165.91.12.70 at 2018-03-20 19:27:40 +0000
Processing by UsersController#create as HTML
  Parameters: {"utf8"=>"✓", "authenticity_token"=>"UwynwwZoaL+e3JHiEl0wrI97p1TyW7AWYPajSKhJo2KB543g8mX97wbiBk/n10bUpi0eUOmdNQki7WJYh2iFNg==", "user"=>{"name"=>"abhineet bhojak", "email"=>"abhineetmnnit26@gmail.com", "password"=>"[FILTERED]", "password_confirmation"=>"[FILTERED]"}, "commit"=>"Create my account"}
  [1m[36m (0.1ms)[0m  [1mbegin transaction[0m
  [1m[35mUser Exists (0.1ms)[0m  SELECT  1 AS one FROM "users" WHERE LOWER("users"."email") = LOWER('abhineetmnnit26@gmail.com') LIMIT 1
  [1m[36mSQL (0.3ms)[0m  [1mINSERT INTO "users" ("name", "email", "password_digest", "created_at", "updated_at", "activation_digest") VALUES (?, ?, ?, ?, ?, ?)[0m  [["name", "abhineet bhojak"], ["email", "abhineetmnnit26@gmail.com"], ["password_digest", "$2a$10$KzRdMUZRuewC0ltBS91cKuqtFiAj1Sb2lWVY6hUTntLp1SZ2Rom.2"], ["created_at", "2018-03-20 19:27:40.570282"], ["updated_at", "2018-03-20 19:27:40.570282"], ["activation_digest", "$2a$10$CwXa8ecx.7tgC9hzzueAMOr3zZDjVH1sPZ5CXzUPyT.a5frvU/by."]]
  [1m[35m (4.8ms)[0m  commit transaction
  Rendered user_mailer/account_activation.html.erb within layouts/mailer (1.4ms)
  Rendered user_mailer/account_activation.text.erb within layouts/mailer (0.4ms)

UserMailer#account_activation: processed outbound mail in 137.7ms

Sent mail to abhineetmnnit26@gmail.com (7.7ms)
Date: Tue, 20 Mar 2018 19:27:40 +0000
From: noreply@example.com
To: abhineetmnnit26@gmail.com
Message-ID: <5ab160acd6a73_5c483ff6494dfad8391b9@ip-172-31-27-74.mail>
Subject: Account activation
Mime-Version: 1.0
Content-Type: multipart/alternative;
 boundary="--==_mimepart_5ab160acd4acb_5c483ff6494dfad8390a5";
 charset=UTF-8
Content-Transfer-Encoding: 7bit


----==_mimepart_5ab160acd4acb_5c483ff6494dfad8390a5
Content-Type: text/plain;
 charset=UTF-8
Content-Transfer-Encoding: 7bit

Hi abhineet bhojak,

Welcome to the Sample App! Click on the link below to activate your account:

https://rails-tutorial-c9-mhartl.c9.io/account_activations/gvlU9rKdLepq6bwugDAMcg/edit?email=abhineetmnnit26%40gmail.com

----==_mimepart_5ab160acd4acb_5c483ff6494dfad8390a5
Content-Type: text/html;
 charset=UTF-8
Content-Transfer-Encoding: 7bit

<html>
  <body>
    <h1>Sample App</h1>

<p>Hi abhineet bhojak,</p>

<p>
Welcome to the Sample App! Click on the link below to activate your account:
</p>

<a href="https://rails-tutorial-c9-mhartl.c9.io/account_activations/gvlU9rKdLepq6bwugDAMcg/edit?email=abhineetmnnit26%40gmail.com">Activate</a>

  </body>
</html>

----==_mimepart_5ab160acd4acb_5c483ff6494dfad8390a5--

Redirected to https://137ef8317a374ca49bf774f799801045.vfs.cloud9.us-east-2.amazonaws.com/
Completed 302 Found in 392ms (ActiveRecord: 5.4ms)


Started GET "/" for 165.91.12.70 at 2018-03-20 19:27:41 +0000
Processing by StaticPagesController#home as HTML
  Rendered static_pages/home.html.erb within layouts/application (0.2ms)
  Rendered layouts/_shim.html.erb (0.0ms)
  Rendered layouts/_header.html.erb (0.2ms)
  Rendered layouts/_footer.html.erb (0.1ms)
Completed 200 OK in 101ms (Views: 100.0ms | ActiveRecord: 0.0ms)


Started GET "/" for 165.91.12.70 at 2018-03-20 19:53:43 +0000
  [1m[36mActiveRecord::SchemaMigration Load (0.1ms)[0m  [1mSELECT "schema_migrations".* FROM "schema_migrations"[0m
Processing by StaticPagesController#home as HTML
  Rendered static_pages/home.html.erb within layouts/application (1.5ms)
  Rendered layouts/_shim.html.erb (0.2ms)
  Rendered layouts/_header.html.erb (1.3ms)
  Rendered layouts/_footer.html.erb (0.6ms)
Completed 200 OK in 287ms (Views: 276.0ms | ActiveRecord: 0.0ms)


Started GET "/signup" for 165.91.12.70 at 2018-03-20 19:53:49 +0000
Processing by UsersController#new as HTML
  Rendered shared/_error_messages.html.erb (2.4ms)
  Rendered users/new.html.erb within layouts/application (204.8ms)
  Rendered layouts/_shim.html.erb (0.3ms)
  Rendered layouts/_header.html.erb (0.8ms)
  Rendered layouts/_footer.html.erb (0.4ms)
Completed 200 OK in 329ms (Views: 294.0ms | ActiveRecord: 0.8ms)


Started GET "/login" for 165.91.12.70 at 2018-03-20 20:04:27 +0000
Processing by SessionsController#new as HTML
  Rendered sessions/new.html.erb within layouts/application (3.3ms)
  Rendered layouts/_shim.html.erb (0.0ms)
  Rendered layouts/_header.html.erb (0.3ms)
  Rendered layouts/_footer.html.erb (0.1ms)
Completed 200 OK in 91ms (Views: 90.8ms | ActiveRecord: 0.0ms)


Started POST "/login" for 165.91.12.70 at 2018-03-20 20:04:43 +0000
Processing by SessionsController#create as HTML
  Parameters: {"utf8"=>"✓", "authenticity_token"=>"1u6it4KdbedlbEuFUg3u8PCQjQPu4NqBOu8QNrNC2UkEBYiUdpD4t/1S3Cinh5iI2cY0B/UmX5549NEmnGP/HQ==", "session"=>{"email"=>"abhineetmnnit26@gmail.com", "password"=>"[FILTERED]", "remember_me"=>"0"}, "commit"=>"Log in"}
  [1m[35mUser Load (0.2ms)[0m  SELECT  "users".* FROM "users" WHERE "users"."email" = ? LIMIT 1  [["email", "abhineetmnnit26@gmail.com"]]
Redirected to https://137ef8317a374ca49bf774f799801045.vfs.cloud9.us-east-2.amazonaws.com/
Completed 302 Found in 84ms (ActiveRecord: 0.2ms)


Started GET "/" for 165.91.12.70 at 2018-03-20 20:04:43 +0000
Processing by StaticPagesController#home as HTML
  Rendered static_pages/home.html.erb within layouts/application (0.2ms)
  Rendered layouts/_shim.html.erb (0.0ms)
  Rendered layouts/_header.html.erb (0.3ms)
  Rendered layouts/_footer.html.erb (0.2ms)
Completed 200 OK in 97ms (Views: 96.6ms | ActiveRecord: 0.0ms)


Started GET "/" for 165.91.12.70 at 2018-03-20 20:09:54 +0000
Processing by StaticPagesController#home as HTML
  Rendered static_pages/home.html.erb within layouts/application (0.2ms)
  Rendered layouts/_shim.html.erb (0.0ms)
  Rendered layouts/_header.html.erb (0.3ms)
  Rendered layouts/_footer.html.erb (0.1ms)
Completed 200 OK in 104ms (Views: 103.2ms | ActiveRecord: 0.0ms)


Started GET "/signup" for 165.91.12.70 at 2018-03-20 20:09:58 +0000
Processing by UsersController#new as HTML
  Rendered shared/_error_messages.html.erb (0.0ms)
  Rendered users/new.html.erb within layouts/application (3.6ms)
  Rendered layouts/_shim.html.erb (0.1ms)
  Rendered layouts/_header.html.erb (0.3ms)
  Rendered layouts/_footer.html.erb (0.1ms)
Completed 200 OK in 115ms (Views: 102.1ms | ActiveRecord: 0.5ms)


Started POST "/users" for 165.91.12.70 at 2018-03-20 20:10:12 +0000
Processing by UsersController#create as HTML
  Parameters: {"utf8"=>"✓", "authenticity_token"=>"hV/lTtlx0ONbrkvliD6uYL4CzDNk2JXFda5ybpX8AxVXtM9tLXxFs8OQ3Eh9tNgYl1R1N38eENo3tbN+ut0lQQ==", "user"=>{"name"=>"a", "email"=>"a@gmail.com", "password"=>"[FILTERED]", "password_confirmation"=>"[FILTERED]"}, "commit"=>"Create my account"}
  [1m[36m (0.1ms)[0m  [1mbegin transaction[0m
  [1m[35mUser Exists (0.2ms)[0m  SELECT  1 AS one FROM "users" WHERE LOWER("users"."email") = LOWER('a@gmail.com') LIMIT 1
  [1m[36mSQL (0.3ms)[0m  [1mINSERT INTO "users" ("name", "email", "password_digest", "created_at", "updated_at", "activation_digest") VALUES (?, ?, ?, ?, ?, ?)[0m  [["name", "a"], ["email", "a@gmail.com"], ["password_digest", "$2a$10$ztCRYYBsmtDMFEHk8vNRq.8/8l5h/SscU7ipCwt8WSqxpII0zex8S"], ["created_at", "2018-03-20 20:10:12.393484"], ["updated_at", "2018-03-20 20:10:12.393484"], ["activation_digest", "$2a$10$NaorbayEOT9s0F.PjK8tFOnAvkcFW6spGJmHUTsOY.8toD1zuk7xa"]]
  [1m[35m (6.0ms)[0m  commit transaction
  [1m[36m (0.1ms)[0m  [1mbegin transaction[0m
  [1m[35mSQL (0.2ms)[0m  UPDATE "users" SET "activated" = ?, "updated_at" = ? WHERE "users"."id" = ?  [["activated", "t"], ["updated_at", "2018-03-20 20:10:12.550995"], ["id", 2]]
  [1m[36m (5.5ms)[0m  [1mcommit transaction[0m
  [1m[35m (0.1ms)[0m  begin transaction
  [1m[36mSQL (0.2ms)[0m  [1mUPDATE "users" SET "activated_at" = ?, "updated_at" = ? WHERE "users"."id" = ?[0m  [["activated_at", "2018-03-20 20:10:12.558691"], ["updated_at", "2018-03-20 20:10:12.559340"], ["id", 2]]
  [1m[35m (5.8ms)[0m  commit transaction
Redirected to https://137ef8317a374ca49bf774f799801045.vfs.cloud9.us-east-2.amazonaws.com/
Completed 302 Found in 260ms (ActiveRecord: 18.3ms)


Started GET "/" for 165.91.12.70 at 2018-03-20 20:10:12 +0000
Processing by StaticPagesController#home as HTML
  Rendered static_pages/home.html.erb within layouts/application (0.2ms)
  Rendered layouts/_shim.html.erb (0.0ms)
  Rendered layouts/_header.html.erb (0.2ms)
  Rendered layouts/_footer.html.erb (0.1ms)
Completed 200 OK in 85ms (Views: 84.2ms | ActiveRecord: 0.0ms)


Started GET "/login" for 165.91.12.70 at 2018-03-20 20:10:22 +0000
Processing by SessionsController#new as HTML
  Rendered sessions/new.html.erb within layouts/application (1.0ms)
  Rendered layouts/_shim.html.erb (0.0ms)
  Rendered layouts/_header.html.erb (0.3ms)
  Rendered layouts/_footer.html.erb (0.1ms)
Completed 200 OK in 84ms (Views: 83.6ms | ActiveRecord: 0.0ms)


Started POST "/login" for 165.91.12.70 at 2018-03-20 20:10:30 +0000
Processing by SessionsController#create as HTML
  Parameters: {"utf8"=>"✓", "authenticity_token"=>"+PPjTLu1khT4Z7fNiBS/xU4PkpVRV8HedUIPK0dWBOUqGMlvT7gHRGBZIGB9nsm9Z1krkUqRRME3Wc47aHcisQ==", "session"=>{"email"=>"a@gmail.com", "password"=>"[FILTERED]", "remember_me"=>"0"}, "commit"=>"Log in"}
  [1m[36mUser Load (0.2ms)[0m  [1mSELECT  "users".* FROM "users" WHERE "users"."email" = ? LIMIT 1[0m  [["email", "a@gmail.com"]]
  [1m[35m (0.1ms)[0m  begin transaction
  [1m[36m (0.0ms)[0m  [1mcommit transaction[0m
Redirected to https://137ef8317a374ca49bf774f799801045.vfs.cloud9.us-east-2.amazonaws.com/users/2
Completed 302 Found in 80ms (ActiveRecord: 0.3ms)


Started GET "/users/2" for 165.91.12.70 at 2018-03-20 20:10:30 +0000
Processing by UsersController#show as HTML
  Parameters: {"id"=>"2"}
  [1m[35mUser Load (0.2ms)[0m  SELECT  "users".* FROM "users" WHERE "users"."id" = ? LIMIT 1  [["id", 2]]
  [1m[36m (0.1ms)[0m  [1mSELECT COUNT(*) FROM "users" INNER JOIN "relationships" ON "users"."id" = "relationships"."followed_id" WHERE "relationships"."follower_id" = ?[0m  [["follower_id", 2]]
  [1m[35m (0.2ms)[0m  SELECT COUNT(*) FROM "users" INNER JOIN "relationships" ON "users"."id" = "relationships"."follower_id" WHERE "relationships"."followed_id" = ?  [["followed_id", 2]]
  Rendered shared/_stats.html.erb (14.4ms)
  [1m[36mUser Load (0.1ms)[0m  [1mSELECT  "users".* FROM "users" WHERE "users"."id" = ? LIMIT 1[0m  [["id", 2]]
  Rendered users/_follow_form.html.erb (0.5ms)
  [1m[35mMicropost Exists (0.1ms)[0m  SELECT  1 AS one FROM "microposts" WHERE "microposts"."user_id" = ? LIMIT 1  [["user_id", 2]]
  Rendered users/show.html.erb within layouts/application (21.0ms)
  Rendered layouts/_shim.html.erb (0.1ms)
  Rendered layouts/_header.html.erb (0.5ms)
  Rendered layouts/_footer.html.erb (0.1ms)
Completed 200 OK in 146ms (Views: 121.9ms | ActiveRecord: 0.9ms)


Started GET "/" for 47.218.216.27 at 2018-03-21 02:36:14 +0000
  [1m[36mActiveRecord::SchemaMigration Load (0.1ms)[0m  [1mSELECT "schema_migrations".* FROM "schema_migrations"[0m
Processing by StaticPagesController#home as HTML
  [1m[35mUser Load (0.2ms)[0m  SELECT  "users".* FROM "users" WHERE "users"."id" = ? LIMIT 1  [["id", 2]]
  [1m[36m (0.2ms)[0m  [1mSELECT COUNT(*) FROM "microposts" WHERE "microposts"."user_id" = ?[0m  [["user_id", 2]]
  Rendered shared/_user_info.html.erb (3.2ms)
  [1m[35m (0.1ms)[0m  SELECT COUNT(*) FROM "users" INNER JOIN "relationships" ON "users"."id" = "relationships"."followed_id" WHERE "relationships"."follower_id" = ?  [["follower_id", 2]]
  [1m[36m (0.2ms)[0m  [1mSELECT COUNT(*) FROM "users" INNER JOIN "relationships" ON "users"."id" = "relationships"."follower_id" WHERE "relationships"."followed_id" = ?[0m  [["followed_id", 2]]
  Rendered shared/_stats.html.erb (20.7ms)
  Rendered shared/_error_messages.html.erb (2.5ms)
  Rendered shared/_micropost_form.html.erb (16.0ms)
  [1m[35m (0.2ms)[0m  SELECT COUNT(*) FROM "microposts" WHERE (user_id IN (SELECT followed_id FROM relationships
                               WHERE  follower_id = 2)
                     OR user_id = 2)
  Rendered shared/_feed.html.erb (1.6ms)
  Rendered static_pages/home.html.erb within layouts/application (56.3ms)
  Rendered layouts/_shim.html.erb (0.3ms)
  Rendered layouts/_header.html.erb (1.0ms)
  Rendered layouts/_footer.html.erb (0.4ms)
Completed 200 OK in 460ms (Views: 381.4ms | ActiveRecord: 1.5ms)


Started GET "/" for 47.218.216.27 at 2018-03-21 02:36:18 +0000
Processing by StaticPagesController#home as HTML
  [1m[36mUser Load (0.1ms)[0m  [1mSELECT  "users".* FROM "users" WHERE "users"."id" = ? LIMIT 1[0m  [["id", 2]]
  [1m[35m (0.1ms)[0m  SELECT COUNT(*) FROM "microposts" WHERE "microposts"."user_id" = ?  [["user_id", 2]]
  Rendered shared/_user_info.html.erb (1.9ms)
  [1m[36m (0.1ms)[0m  [1mSELECT COUNT(*) FROM "users" INNER JOIN "relationships" ON "users"."id" = "relationships"."followed_id" WHERE "relationships"."follower_id" = ?[0m  [["follower_id", 2]]
  [1m[35m (0.1ms)[0m  SELECT COUNT(*) FROM "users" INNER JOIN "relationships" ON "users"."id" = "relationships"."follower_id" WHERE "relationships"."followed_id" = ?  [["followed_id", 2]]
  Rendered shared/_stats.html.erb (2.8ms)
  Rendered shared/_error_messages.html.erb (0.3ms)
  Rendered shared/_micropost_form.html.erb (2.5ms)
  [1m[36m (0.2ms)[0m  [1mSELECT COUNT(*) FROM "microposts" WHERE (user_id IN (SELECT followed_id FROM relationships
                               WHERE  follower_id = 2)
                     OR user_id = 2)[0m
  Rendered shared/_feed.html.erb (1.2ms)
  Rendered static_pages/home.html.erb within layouts/application (13.4ms)
  Rendered layouts/_shim.html.erb (0.3ms)
  Rendered layouts/_header.html.erb (1.0ms)
  Rendered layouts/_footer.html.erb (0.4ms)
Completed 200 OK in 102ms (Views: 99.1ms | ActiveRecord: 0.4ms)


Started GET "/" for 47.218.216.27 at 2018-03-21 02:36:19 +0000
Processing by StaticPagesController#home as HTML
  [1m[35mUser Load (0.1ms)[0m  SELECT  "users".* FROM "users" WHERE "users"."id" = ? LIMIT 1  [["id", 2]]
  [1m[36m (0.1ms)[0m  [1mSELECT COUNT(*) FROM "microposts" WHERE "microposts"."user_id" = ?[0m  [["user_id", 2]]
  Rendered shared/_user_info.html.erb (1.3ms)
  [1m[35m (0.1ms)[0m  SELECT COUNT(*) FROM "users" INNER JOIN "relationships" ON "users"."id" = "relationships"."followed_id" WHERE "relationships"."follower_id" = ?  [["follower_id", 2]]
  [1m[36m (0.1ms)[0m  [1mSELECT COUNT(*) FROM "users" INNER JOIN "relationships" ON "users"."id" = "relationships"."follower_id" WHERE "relationships"."followed_id" = ?[0m  [["followed_id", 2]]
  Rendered shared/_stats.html.erb (2.7ms)
  Rendered shared/_error_messages.html.erb (0.0ms)
  Rendered shared/_micropost_form.html.erb (1.8ms)
  [1m[35m (0.2ms)[0m  SELECT COUNT(*) FROM "microposts" WHERE (user_id IN (SELECT followed_id FROM relationships
                               WHERE  follower_id = 2)
                     OR user_id = 2)
  Rendered shared/_feed.html.erb (0.8ms)
  Rendered static_pages/home.html.erb within layouts/application (11.2ms)
  Rendered layouts/_shim.html.erb (0.0ms)
  Rendered layouts/_header.html.erb (0.5ms)
  Rendered layouts/_footer.html.erb (0.1ms)
Completed 200 OK in 100ms (Views: 97.6ms | ActiveRecord: 0.4ms)


Started DELETE "/logout" for 47.218.216.27 at 2018-03-21 02:36:22 +0000
Processing by SessionsController#destroy as HTML
  Parameters: {"authenticity_token"=>"mQMmFTqqPjn/M7zj3OCvLlu+lvfOCANJrdFHqX3KaRxL6Aw2zqeraWcNK04patlWcugv89XOhlbvyoa5UutPSA=="}
  [1m[36mUser Load (0.1ms)[0m  [1mSELECT  "users".* FROM "users" WHERE "users"."id" = ? LIMIT 1[0m  [["id", 2]]
  [1m[35m (0.1ms)[0m  begin transaction
  [1m[36m (0.1ms)[0m  [1mcommit transaction[0m
Redirected to https://137ef8317a374ca49bf774f799801045.vfs.cloud9.us-east-2.amazonaws.com/
Completed 302 Found in 4ms (ActiveRecord: 0.2ms)


Started GET "/" for 47.218.216.27 at 2018-03-21 02:36:22 +0000
Processing by StaticPagesController#home as HTML
  Rendered static_pages/home.html.erb within layouts/application (0.2ms)
  Rendered layouts/_shim.html.erb (0.0ms)
  Rendered layouts/_header.html.erb (0.4ms)
  Rendered layouts/_footer.html.erb (0.3ms)
Completed 200 OK in 115ms (Views: 111.0ms | ActiveRecord: 0.0ms)


Started GET "/login" for 47.218.216.27 at 2018-03-21 02:36:56 +0000
Processing by SessionsController#new as HTML
  Rendered sessions/new.html.erb within layouts/application (281.6ms)
  Rendered layouts/_shim.html.erb (0.0ms)
  Rendered layouts/_header.html.erb (0.4ms)
  Rendered layouts/_footer.html.erb (0.1ms)
Completed 200 OK in 408ms (Views: 407.5ms | ActiveRecord: 0.0ms)


Started GET "/signup" for 47.218.216.27 at 2018-03-21 02:37:00 +0000
Processing by UsersController#new as HTML
  Rendered shared/_error_messages.html.erb (0.1ms)
  Rendered users/new.html.erb within layouts/application (5.2ms)
  Rendered layouts/_shim.html.erb (0.0ms)
  Rendered layouts/_header.html.erb (0.3ms)
  Rendered layouts/_footer.html.erb (0.1ms)
Completed 200 OK in 116ms (Views: 115.4ms | ActiveRecord: 0.0ms)


Started GET "/" for 47.218.216.27 at 2018-03-21 02:37:04 +0000
Processing by StaticPagesController#home as HTML
  Rendered static_pages/home.html.erb within layouts/application (0.3ms)
  Rendered layouts/_shim.html.erb (0.1ms)
  Rendered layouts/_header.html.erb (0.3ms)
  Rendered layouts/_footer.html.erb (0.1ms)
Completed 200 OK in 100ms (Views: 98.9ms | ActiveRecord: 0.0ms)


Started GET "/" for 47.218.216.27 at 2018-03-21 02:37:12 +0000
Processing by StaticPagesController#home as HTML
  Rendered static_pages/home.html.erb within layouts/application (0.1ms)
  Rendered layouts/_shim.html.erb (0.0ms)
  Rendered layouts/_header.html.erb (0.3ms)
  Rendered layouts/_footer.html.erb (0.1ms)
Completed 200 OK in 93ms (Views: 92.8ms | ActiveRecord: 0.0ms)
